You are using YYP Maker v1.1.4, released in 31-03-2022



[04-02-2023 01:31:09] Initialized GameMaker Project: GGJ2023.yyp
[04-02-2023 01:31:09] Current parent directory: C:/Users/HP/Documents/GameMakerStudio2/GGJ2023/animcurves
[04-02-2023 01:31:09] Current parent directory: C:/Users/HP/Documents/GameMakerStudio2/GGJ2023/extensions
[04-02-2023 01:31:09] Current parent directory: C:/Users/HP/Documents/GameMakerStudio2/GGJ2023/fonts
[04-02-2023 01:31:09] Current parent directory: C:/Users/HP/Documents/GameMakerStudio2/GGJ2023/notes
[04-02-2023 01:31:09] Current parent directory: C:/Users/HP/Documents/GameMakerStudio2/GGJ2023/objects
[04-02-2023 01:31:09] Checking objSolid
[04-02-2023 01:31:09] Directory: C:/Users/HP/Documents/GameMakerStudio2/GGJ2023/objects/objSolid
[04-02-2023 01:31:09] Checking objPlayer
[04-02-2023 01:31:09] Directory: C:/Users/HP/Documents/GameMakerStudio2/GGJ2023/objects/objPlayer
[04-02-2023 01:31:09] Checking objBoomPlant
[04-02-2023 01:31:09] Directory: C:/Users/HP/Documents/GameMakerStudio2/GGJ2023/objects/objBoomPlant
[04-02-2023 01:31:09] Current parent directory: C:/Users/HP/Documents/GameMakerStudio2/GGJ2023/objects/objBoomPlant
[04-02-2023 01:31:09] Checking Other_7.gml
[04-02-2023 01:31:09] Checking objBoomPlant.yy
[04-02-2023 01:31:09] Parsing C:/Users/HP/Documents/GameMakerStudio2/GGJ2023/objects/objBoomPlant/objBoomPlant.yy
[04-02-2023 01:31:09] Reading C:/Users/HP/Documents/GameMakerStudio2/GGJ2023/objects/objBoomPlant/objBoomPlant.yy
[04-02-2023 01:31:09] Par: "folders/Objects" at dir: "C:/Users/HP/Documents/GameMakerStudio2/GGJ2023/objects/objBoomPlant/objBoomPlant.yy"
[04-02-2023 01:31:09] Found Object: objBoomPlant
[04-02-2023 01:31:09] Checking Create_0.gml
[04-02-2023 01:31:09] Checking Collision_objPlayer.gml
[04-02-2023 01:31:09] Current parent directory: C:/Users/HP/Documents/GameMakerStudio2/GGJ2023/objects/objPlayer
[04-02-2023 01:31:09] Checking Step_0.gml
[04-02-2023 01:31:09] Checking objPlayer.yy
[04-02-2023 01:31:09] Parsing C:/Users/HP/Documents/GameMakerStudio2/GGJ2023/objects/objPlayer/objPlayer.yy
[04-02-2023 01:31:09] Reading C:/Users/HP/Documents/GameMakerStudio2/GGJ2023/objects/objPlayer/objPlayer.yy
[04-02-2023 01:31:09] Par: "folders/Objects" at dir: "C:/Users/HP/Documents/GameMakerStudio2/GGJ2023/objects/objPlayer/objPlayer.yy"
[04-02-2023 01:31:09] Found Object: objPlayer
[04-02-2023 01:31:09] Checking KeyRelease_82.gml
[04-02-2023 01:31:09] Checking Draw_0.gml
[04-02-2023 01:31:09] Checking Create_0.gml
[04-02-2023 01:31:09] Current parent directory: C:/Users/HP/Documents/GameMakerStudio2/GGJ2023/objects/objSolid
[04-02-2023 01:31:09] Checking objSolid.yy
[04-02-2023 01:31:09] Parsing C:/Users/HP/Documents/GameMakerStudio2/GGJ2023/objects/objSolid/objSolid.yy
[04-02-2023 01:31:09] Reading C:/Users/HP/Documents/GameMakerStudio2/GGJ2023/objects/objSolid/objSolid.yy
[04-02-2023 01:31:09] Par: "folders/Objects" at dir: "C:/Users/HP/Documents/GameMakerStudio2/GGJ2023/objects/objSolid/objSolid.yy"
[04-02-2023 01:31:09] Found Object: objSolid
[04-02-2023 01:31:09] Current parent directory: C:/Users/HP/Documents/GameMakerStudio2/GGJ2023/options
[04-02-2023 01:31:09] Checking windows
[04-02-2023 01:31:09] Directory: C:/Users/HP/Documents/GameMakerStudio2/GGJ2023/options/windows
[04-02-2023 01:31:09] Checking tvos
[04-02-2023 01:31:09] Directory: C:/Users/HP/Documents/GameMakerStudio2/GGJ2023/options/tvos
[04-02-2023 01:31:09] Checking operagx
[04-02-2023 01:31:09] Directory: C:/Users/HP/Documents/GameMakerStudio2/GGJ2023/options/operagx
[04-02-2023 01:31:09] Checking main
[04-02-2023 01:31:09] Directory: C:/Users/HP/Documents/GameMakerStudio2/GGJ2023/options/main
[04-02-2023 01:31:09] Checking mac
[04-02-2023 01:31:09] Directory: C:/Users/HP/Documents/GameMakerStudio2/GGJ2023/options/mac
[04-02-2023 01:31:09] Checking linux
[04-02-2023 01:31:09] Directory: C:/Users/HP/Documents/GameMakerStudio2/GGJ2023/options/linux
[04-02-2023 01:31:09] Checking ios
[04-02-2023 01:31:09] Directory: C:/Users/HP/Documents/GameMakerStudio2/GGJ2023/options/ios
[04-02-2023 01:31:09] Checking html5
[04-02-2023 01:31:09] Directory: C:/Users/HP/Documents/GameMakerStudio2/GGJ2023/options/html5
[04-02-2023 01:31:09] Checking android
[04-02-2023 01:31:09] Directory: C:/Users/HP/Documents/GameMakerStudio2/GGJ2023/options/android
[04-02-2023 01:31:09] Current parent directory: C:/Users/HP/Documents/GameMakerStudio2/GGJ2023/options/android
[04-02-2023 01:31:09] Checking options_android.yy
[04-02-2023 01:31:09] Parsing C:/Users/HP/Documents/GameMakerStudio2/GGJ2023/options/android/options_android.yy
[04-02-2023 01:31:09] Reading C:/Users/HP/Documents/GameMakerStudio2/GGJ2023/options/android/options_android.yy
[04-02-2023 01:31:09] Current parent directory: C:/Users/HP/Documents/GameMakerStudio2/GGJ2023/options/html5
[04-02-2023 01:31:09] Checking options_html5.yy
[04-02-2023 01:31:09] Parsing C:/Users/HP/Documents/GameMakerStudio2/GGJ2023/options/html5/options_html5.yy
[04-02-2023 01:31:09] Reading C:/Users/HP/Documents/GameMakerStudio2/GGJ2023/options/html5/options_html5.yy
[04-02-2023 01:31:09] Current parent directory: C:/Users/HP/Documents/GameMakerStudio2/GGJ2023/options/ios
[04-02-2023 01:31:09] Checking options_ios.yy
[04-02-2023 01:31:09] Parsing C:/Users/HP/Documents/GameMakerStudio2/GGJ2023/options/ios/options_ios.yy
[04-02-2023 01:31:09] Reading C:/Users/HP/Documents/GameMakerStudio2/GGJ2023/options/ios/options_ios.yy
[04-02-2023 01:31:09] Current parent directory: C:/Users/HP/Documents/GameMakerStudio2/GGJ2023/options/linux
[04-02-2023 01:31:09] Checking options_linux.yy
[04-02-2023 01:31:09] Parsing C:/Users/HP/Documents/GameMakerStudio2/GGJ2023/options/linux/options_linux.yy
[04-02-2023 01:31:09] Reading C:/Users/HP/Documents/GameMakerStudio2/GGJ2023/options/linux/options_linux.yy
[04-02-2023 01:31:09] Current parent directory: C:/Users/HP/Documents/GameMakerStudio2/GGJ2023/options/mac
[04-02-2023 01:31:09] Checking options_mac.yy
[04-02-2023 01:31:09] Parsing C:/Users/HP/Documents/GameMakerStudio2/GGJ2023/options/mac/options_mac.yy
[04-02-2023 01:31:09] Reading C:/Users/HP/Documents/GameMakerStudio2/GGJ2023/options/mac/options_mac.yy
[04-02-2023 01:31:09] Current parent directory: C:/Users/HP/Documents/GameMakerStudio2/GGJ2023/options/main
[04-02-2023 01:31:09] Checking options_main.yy
[04-02-2023 01:31:09] Parsing C:/Users/HP/Documents/GameMakerStudio2/GGJ2023/options/main/options_main.yy
[04-02-2023 01:31:09] Reading C:/Users/HP/Documents/GameMakerStudio2/GGJ2023/options/main/options_main.yy
[04-02-2023 01:31:09] Current parent directory: C:/Users/HP/Documents/GameMakerStudio2/GGJ2023/options/operagx
[04-02-2023 01:31:09] Checking options_operagx.yy
[04-02-2023 01:31:09] Parsing C:/Users/HP/Documents/GameMakerStudio2/GGJ2023/options/operagx/options_operagx.yy
[04-02-2023 01:31:09] Reading C:/Users/HP/Documents/GameMakerStudio2/GGJ2023/options/operagx/options_operagx.yy
[04-02-2023 01:31:09] Current parent directory: C:/Users/HP/Documents/GameMakerStudio2/GGJ2023/options/tvos
[04-02-2023 01:31:09] Checking options_tvos.yy
[04-02-2023 01:31:09] Parsing C:/Users/HP/Documents/GameMakerStudio2/GGJ2023/options/tvos/options_tvos.yy
[04-02-2023 01:31:09] Reading C:/Users/HP/Documents/GameMakerStudio2/GGJ2023/options/tvos/options_tvos.yy
[04-02-2023 01:31:09] Current parent directory: C:/Users/HP/Documents/GameMakerStudio2/GGJ2023/options/windows
[04-02-2023 01:31:09] Checking options_windows.yy
[04-02-2023 01:31:09] Parsing C:/Users/HP/Documents/GameMakerStudio2/GGJ2023/options/windows/options_windows.yy
[04-02-2023 01:31:09] Reading C:/Users/HP/Documents/GameMakerStudio2/GGJ2023/options/windows/options_windows.yy
[04-02-2023 01:31:09] Current parent directory: C:/Users/HP/Documents/GameMakerStudio2/GGJ2023/paths
[04-02-2023 01:31:09] Current parent directory: C:/Users/HP/Documents/GameMakerStudio2/GGJ2023/rooms
[04-02-2023 01:31:09] Checking rmTest
[04-02-2023 01:31:09] Directory: C:/Users/HP/Documents/GameMakerStudio2/GGJ2023/rooms/rmTest
[04-02-2023 01:31:09] Checking rmPause
[04-02-2023 01:31:09] Directory: C:/Users/HP/Documents/GameMakerStudio2/GGJ2023/rooms/rmPause
[04-02-2023 01:31:09] Current parent directory: C:/Users/HP/Documents/GameMakerStudio2/GGJ2023/rooms/rmPause
[04-02-2023 01:31:09] Checking RoomCreationCode.gml
[04-02-2023 01:31:09] Checking rmPause.yy
[04-02-2023 01:31:09] Parsing C:/Users/HP/Documents/GameMakerStudio2/GGJ2023/rooms/rmPause/rmPause.yy
[04-02-2023 01:31:09] Reading C:/Users/HP/Documents/GameMakerStudio2/GGJ2023/rooms/rmPause/rmPause.yy
[04-02-2023 01:31:09] Par: "folders/Rooms" at dir: "C:/Users/HP/Documents/GameMakerStudio2/GGJ2023/rooms/rmPause/rmPause.yy"
[04-02-2023 01:31:09] Found Room: rmPause
[04-02-2023 01:31:09] Current parent directory: C:/Users/HP/Documents/GameMakerStudio2/GGJ2023/rooms/rmTest
[04-02-2023 01:31:09] Checking rmTest.yy
[04-02-2023 01:31:09] Parsing C:/Users/HP/Documents/GameMakerStudio2/GGJ2023/rooms/rmTest/rmTest.yy
[04-02-2023 01:31:09] Reading C:/Users/HP/Documents/GameMakerStudio2/GGJ2023/rooms/rmTest/rmTest.yy
[04-02-2023 01:31:09] Par: "folders/Rooms" at dir: "C:/Users/HP/Documents/GameMakerStudio2/GGJ2023/rooms/rmTest/rmTest.yy"
[04-02-2023 01:31:09] Found Room: rmTest
[04-02-2023 01:31:09] Current parent directory: C:/Users/HP/Documents/GameMakerStudio2/GGJ2023/scripts
[04-02-2023 01:31:09] Checking scrRestart
[04-02-2023 01:31:09] Directory: C:/Users/HP/Documents/GameMakerStudio2/GGJ2023/scripts/scrRestart
[04-02-2023 01:31:09] Checking scrPlayerBehaviour
[04-02-2023 01:31:09] Directory: C:/Users/HP/Documents/GameMakerStudio2/GGJ2023/scripts/scrPlayerBehaviour
[04-02-2023 01:31:09] Current parent directory: C:/Users/HP/Documents/GameMakerStudio2/GGJ2023/scripts/scrPlayerBehaviour
[04-02-2023 01:31:09] Checking scrPlayerBehaviour.yy
[04-02-2023 01:31:09] Parsing C:/Users/HP/Documents/GameMakerStudio2/GGJ2023/scripts/scrPlayerBehaviour/scrPlayerBehaviour.yy
[04-02-2023 01:31:09] Reading C:/Users/HP/Documents/GameMakerStudio2/GGJ2023/scripts/scrPlayerBehaviour/scrPlayerBehaviour.yy
[04-02-2023 01:31:09] Par: "folders/Scripts" at dir: "C:/Users/HP/Documents/GameMakerStudio2/GGJ2023/scripts/scrPlayerBehaviour/scrPlayerBehaviour.yy"
[04-02-2023 01:31:09] Found Script: scrPlayerBehaviour
[04-02-2023 01:31:09] Checking scrPlayerBehaviour.gml
[04-02-2023 01:31:09] Current parent directory: C:/Users/HP/Documents/GameMakerStudio2/GGJ2023/scripts/scrRestart
[04-02-2023 01:31:09] Checking scrRestart.yy
[04-02-2023 01:31:09] Parsing C:/Users/HP/Documents/GameMakerStudio2/GGJ2023/scripts/scrRestart/scrRestart.yy
[04-02-2023 01:31:09] Reading C:/Users/HP/Documents/GameMakerStudio2/GGJ2023/scripts/scrRestart/scrRestart.yy
[04-02-2023 01:31:09] Par: "folders/Scripts" at dir: "C:/Users/HP/Documents/GameMakerStudio2/GGJ2023/scripts/scrRestart/scrRestart.yy"
[04-02-2023 01:31:09] Found Script: scrRestart
[04-02-2023 01:31:09] Checking scrRestart.gml
[04-02-2023 01:31:09] Current parent directory: C:/Users/HP/Documents/GameMakerStudio2/GGJ2023/sequences
[04-02-2023 01:31:09] Current parent directory: C:/Users/HP/Documents/GameMakerStudio2/GGJ2023/shaders
[04-02-2023 01:31:09] Current parent directory: C:/Users/HP/Documents/GameMakerStudio2/GGJ2023/sounds
[04-02-2023 01:31:09] Current parent directory: C:/Users/HP/Documents/GameMakerStudio2/GGJ2023/sprites
[04-02-2023 01:31:09] Checking sprSolid
[04-02-2023 01:31:09] Directory: C:/Users/HP/Documents/GameMakerStudio2/GGJ2023/sprites/sprSolid
[04-02-2023 01:31:09] Checking sprPlayerCollision
[04-02-2023 01:31:09] Directory: C:/Users/HP/Documents/GameMakerStudio2/GGJ2023/sprites/sprPlayerCollision
[04-02-2023 01:31:09] Checking sprPlayer
[04-02-2023 01:31:09] Directory: C:/Users/HP/Documents/GameMakerStudio2/GGJ2023/sprites/sprPlayer
[04-02-2023 01:31:09] Checking sprPlantBoom
[04-02-2023 01:31:09] Directory: C:/Users/HP/Documents/GameMakerStudio2/GGJ2023/sprites/sprPlantBoom
[04-02-2023 01:31:09] Checking Sprite_0002
[04-02-2023 01:31:09] Directory: C:/Users/HP/Documents/GameMakerStudio2/GGJ2023/sprites/Sprite_0002
[04-02-2023 01:31:09] Checking Sprite_0001
[04-02-2023 01:31:09] Directory: C:/Users/HP/Documents/GameMakerStudio2/GGJ2023/sprites/Sprite_0001
[04-02-2023 01:31:09] Checking sprGround
[04-02-2023 01:31:09] Directory: C:/Users/HP/Documents/GameMakerStudio2/GGJ2023/sprites/sprGround
[04-02-2023 01:31:09] Checking rock9
[04-02-2023 01:31:09] Directory: C:/Users/HP/Documents/GameMakerStudio2/GGJ2023/sprites/rock9
[04-02-2023 01:31:09] Checking Flower
[04-02-2023 01:31:09] Directory: C:/Users/HP/Documents/GameMakerStudio2/GGJ2023/sprites/Flower
[04-02-2023 01:31:09] Checking Bush
[04-02-2023 01:31:09] Directory: C:/Users/HP/Documents/GameMakerStudio2/GGJ2023/sprites/Bush
[04-02-2023 01:31:09] Current parent directory: C:/Users/HP/Documents/GameMakerStudio2/GGJ2023/sprites/Bush
[04-02-2023 01:31:09] Checking layers
[04-02-2023 01:31:09] Directory: C:/Users/HP/Documents/GameMakerStudio2/GGJ2023/sprites/Bush/layers
[04-02-2023 01:31:09] Checking Bush.yy
[04-02-2023 01:31:09] Parsing C:/Users/HP/Documents/GameMakerStudio2/GGJ2023/sprites/Bush/Bush.yy
[04-02-2023 01:31:09] Reading C:/Users/HP/Documents/GameMakerStudio2/GGJ2023/sprites/Bush/Bush.yy
[04-02-2023 01:31:09] Par: "folders/Sprites" at dir: "C:/Users/HP/Documents/GameMakerStudio2/GGJ2023/sprites/Bush/Bush.yy"
[04-02-2023 01:31:09] Found Sprite: Bush
[04-02-2023 01:31:09] Checking 2bb21fd7-3614-4ff7-a1d3-3d7d2776e932.png
[04-02-2023 01:31:09] Current parent directory: C:/Users/HP/Documents/GameMakerStudio2/GGJ2023/sprites/Bush/layers
[04-02-2023 01:31:09] Checking 2bb21fd7-3614-4ff7-a1d3-3d7d2776e932
[04-02-2023 01:31:09] Directory: C:/Users/HP/Documents/GameMakerStudio2/GGJ2023/sprites/Bush/layers/2bb21fd7-3614-4ff7-a1d3-3d7d2776e932
[04-02-2023 01:31:09] Current parent directory: C:/Users/HP/Documents/GameMakerStudio2/GGJ2023/sprites/Bush/layers/2bb21fd7-3614-4ff7-a1d3-3d7d2776e932
[04-02-2023 01:31:09] Checking 1a5005f8-629a-4c3e-b7d0-dec5f574a0ca.png
[04-02-2023 01:31:09] Current parent directory: C:/Users/HP/Documents/GameMakerStudio2/GGJ2023/sprites/Flower
[04-02-2023 01:31:09] Checking layers
[04-02-2023 01:31:09] Directory: C:/Users/HP/Documents/GameMakerStudio2/GGJ2023/sprites/Flower/layers
[04-02-2023 01:31:09] Checking Flower.yy
[04-02-2023 01:31:09] Parsing C:/Users/HP/Documents/GameMakerStudio2/GGJ2023/sprites/Flower/Flower.yy
[04-02-2023 01:31:09] Reading C:/Users/HP/Documents/GameMakerStudio2/GGJ2023/sprites/Flower/Flower.yy
[04-02-2023 01:31:09] Par: "folders/Sprites" at dir: "C:/Users/HP/Documents/GameMakerStudio2/GGJ2023/sprites/Flower/Flower.yy"
[04-02-2023 01:31:09] Found Sprite: Flower
[04-02-2023 01:31:09] Checking 3c15a006-ab97-4054-80ab-194e775b17ff.png
[04-02-2023 01:31:09] Current parent directory: C:/Users/HP/Documents/GameMakerStudio2/GGJ2023/sprites/Flower/layers
[04-02-2023 01:31:09] Checking 3c15a006-ab97-4054-80ab-194e775b17ff
[04-02-2023 01:31:09] Directory: C:/Users/HP/Documents/GameMakerStudio2/GGJ2023/sprites/Flower/layers/3c15a006-ab97-4054-80ab-194e775b17ff
[04-02-2023 01:31:09] Current parent directory: C:/Users/HP/Documents/GameMakerStudio2/GGJ2023/sprites/Flower/layers/3c15a006-ab97-4054-80ab-194e775b17ff
[04-02-2023 01:31:09] Checking 2a2a0785-c6a8-4c01-8c43-dfc9ca02de54.png
[04-02-2023 01:31:09] Current parent directory: C:/Users/HP/Documents/GameMakerStudio2/GGJ2023/sprites/rock9
[04-02-2023 01:31:09] Checking rock9.yy
[04-02-2023 01:31:09] Parsing C:/Users/HP/Documents/GameMakerStudio2/GGJ2023/sprites/rock9/rock9.yy
[04-02-2023 01:31:09] Reading C:/Users/HP/Documents/GameMakerStudio2/GGJ2023/sprites/rock9/rock9.yy
[04-02-2023 01:31:09] Par: "folders/Sprites" at dir: "C:/Users/HP/Documents/GameMakerStudio2/GGJ2023/sprites/rock9/rock9.yy"
[04-02-2023 01:31:09] Found Sprite: rock9
[04-02-2023 01:31:09] Checking layers
[04-02-2023 01:31:09] Directory: C:/Users/HP/Documents/GameMakerStudio2/GGJ2023/sprites/rock9/layers
[04-02-2023 01:31:09] Checking ac664e9b-5746-4b66-a5be-b24cea280d0d.png
[04-02-2023 01:31:09] Current parent directory: C:/Users/HP/Documents/GameMakerStudio2/GGJ2023/sprites/rock9/layers
[04-02-2023 01:31:09] Checking ac664e9b-5746-4b66-a5be-b24cea280d0d
[04-02-2023 01:31:09] Directory: C:/Users/HP/Documents/GameMakerStudio2/GGJ2023/sprites/rock9/layers/ac664e9b-5746-4b66-a5be-b24cea280d0d
[04-02-2023 01:31:09] Current parent directory: C:/Users/HP/Documents/GameMakerStudio2/GGJ2023/sprites/rock9/layers/ac664e9b-5746-4b66-a5be-b24cea280d0d
[04-02-2023 01:31:09] Checking c9a0c6dd-936b-4025-8cb9-6321574d1166.png
[04-02-2023 01:31:09] Current parent directory: C:/Users/HP/Documents/GameMakerStudio2/GGJ2023/sprites/sprGround
[04-02-2023 01:31:09] Checking sprGround.yy
[04-02-2023 01:31:09] Parsing C:/Users/HP/Documents/GameMakerStudio2/GGJ2023/sprites/sprGround/sprGround.yy
[04-02-2023 01:31:09] Reading C:/Users/HP/Documents/GameMakerStudio2/GGJ2023/sprites/sprGround/sprGround.yy
[04-02-2023 01:31:09] Par: "folders/Sprites" at dir: "C:/Users/HP/Documents/GameMakerStudio2/GGJ2023/sprites/sprGround/sprGround.yy"
[04-02-2023 01:31:09] Found Sprite: sprGround
[04-02-2023 01:31:09] Checking layers
[04-02-2023 01:31:09] Directory: C:/Users/HP/Documents/GameMakerStudio2/GGJ2023/sprites/sprGround/layers
[04-02-2023 01:31:09] Checking 50e85425-1a76-43a3-b930-ad5a0740d699.png
[04-02-2023 01:31:09] Current parent directory: C:/Users/HP/Documents/GameMakerStudio2/GGJ2023/sprites/sprGround/layers
[04-02-2023 01:31:09] Checking 50e85425-1a76-43a3-b930-ad5a0740d699
[04-02-2023 01:31:09] Directory: C:/Users/HP/Documents/GameMakerStudio2/GGJ2023/sprites/sprGround/layers/50e85425-1a76-43a3-b930-ad5a0740d699
[04-02-2023 01:31:09] Current parent directory: C:/Users/HP/Documents/GameMakerStudio2/GGJ2023/sprites/sprGround/layers/50e85425-1a76-43a3-b930-ad5a0740d699
[04-02-2023 01:31:09] Checking cb1f9401-237f-49ef-9af1-d1c3bc18872e.png
[04-02-2023 01:31:09] Current parent directory: C:/Users/HP/Documents/GameMakerStudio2/GGJ2023/sprites/Sprite_0001
[04-02-2023 01:31:09] Checking Sprite_0001.yy
[04-02-2023 01:31:09] Parsing C:/Users/HP/Documents/GameMakerStudio2/GGJ2023/sprites/Sprite_0001/Sprite_0001.yy
[04-02-2023 01:31:09] Reading C:/Users/HP/Documents/GameMakerStudio2/GGJ2023/sprites/Sprite_0001/Sprite_0001.yy
[04-02-2023 01:31:09] Par: "folders/Sprites" at dir: "C:/Users/HP/Documents/GameMakerStudio2/GGJ2023/sprites/Sprite_0001/Sprite_0001.yy"
[04-02-2023 01:31:09] Found Sprite: Sprite_0001
[04-02-2023 01:31:09] Checking layers
[04-02-2023 01:31:09] Directory: C:/Users/HP/Documents/GameMakerStudio2/GGJ2023/sprites/Sprite_0001/layers
[04-02-2023 01:31:09] Checking cf6dda9b-b44b-4380-9af4-d67d70453f36.png
[04-02-2023 01:31:09] Current parent directory: C:/Users/HP/Documents/GameMakerStudio2/GGJ2023/sprites/Sprite_0001/layers
[04-02-2023 01:31:09] Checking cf6dda9b-b44b-4380-9af4-d67d70453f36
[04-02-2023 01:31:09] Directory: C:/Users/HP/Documents/GameMakerStudio2/GGJ2023/sprites/Sprite_0001/layers/cf6dda9b-b44b-4380-9af4-d67d70453f36
[04-02-2023 01:31:09] Current parent directory: C:/Users/HP/Documents/GameMakerStudio2/GGJ2023/sprites/Sprite_0001/layers/cf6dda9b-b44b-4380-9af4-d67d70453f36
[04-02-2023 01:31:09] Checking 21755c9a-5745-479c-b577-eaca41c1098b.png
[04-02-2023 01:31:09] Current parent directory: C:/Users/HP/Documents/GameMakerStudio2/GGJ2023/sprites/Sprite_0002
[04-02-2023 01:31:09] Checking Sprite_0002.yy
[04-02-2023 01:31:09] Parsing C:/Users/HP/Documents/GameMakerStudio2/GGJ2023/sprites/Sprite_0002/Sprite_0002.yy
[04-02-2023 01:31:09] Reading C:/Users/HP/Documents/GameMakerStudio2/GGJ2023/sprites/Sprite_0002/Sprite_0002.yy
[04-02-2023 01:31:09] Par: "folders/Sprites" at dir: "C:/Users/HP/Documents/GameMakerStudio2/GGJ2023/sprites/Sprite_0002/Sprite_0002.yy"
[04-02-2023 01:31:09] Found Sprite: Sprite_0002
[04-02-2023 01:31:09] Checking layers
[04-02-2023 01:31:09] Directory: C:/Users/HP/Documents/GameMakerStudio2/GGJ2023/sprites/Sprite_0002/layers
[04-02-2023 01:31:09] Checking 96496ab7-cb64-4d6f-9190-f5f634fefa15.png
[04-02-2023 01:31:09] Current parent directory: C:/Users/HP/Documents/GameMakerStudio2/GGJ2023/sprites/Sprite_0002/layers
[04-02-2023 01:31:09] Checking 96496ab7-cb64-4d6f-9190-f5f634fefa15
[04-02-2023 01:31:09] Directory: C:/Users/HP/Documents/GameMakerStudio2/GGJ2023/sprites/Sprite_0002/layers/96496ab7-cb64-4d6f-9190-f5f634fefa15
[04-02-2023 01:31:09] Current parent directory: C:/Users/HP/Documents/GameMakerStudio2/GGJ2023/sprites/Sprite_0002/layers/96496ab7-cb64-4d6f-9190-f5f634fefa15
[04-02-2023 01:31:09] Checking 49a2eebb-6c83-48a5-9099-2131f434f263.png
[04-02-2023 01:31:09] Current parent directory: C:/Users/HP/Documents/GameMakerStudio2/GGJ2023/sprites/sprPlantBoom
[04-02-2023 01:31:09] Checking sprPlantBoom.yy
[04-02-2023 01:31:09] Parsing C:/Users/HP/Documents/GameMakerStudio2/GGJ2023/sprites/sprPlantBoom/sprPlantBoom.yy
[04-02-2023 01:31:09] Reading C:/Users/HP/Documents/GameMakerStudio2/GGJ2023/sprites/sprPlantBoom/sprPlantBoom.yy
[04-02-2023 01:31:09] Par: "folders/Sprites" at dir: "C:/Users/HP/Documents/GameMakerStudio2/GGJ2023/sprites/sprPlantBoom/sprPlantBoom.yy"
[04-02-2023 01:31:09] Found Sprite: sprPlantBoom
[04-02-2023 01:31:09] Checking layers
[04-02-2023 01:31:09] Directory: C:/Users/HP/Documents/GameMakerStudio2/GGJ2023/sprites/sprPlantBoom/layers
[04-02-2023 01:31:09] Checking de3a0457-dfba-4994-98ba-d7fec210433f.png
[04-02-2023 01:31:09] Checking ad1047db-76ac-4476-bc86-872fdc4516fa.png
[04-02-2023 01:31:09] Checking 9a7bf145-d4da-405f-9cc7-cb11f0f084b0.png
[04-02-2023 01:31:09] Checking 5d3705dd-dd38-4758-ad3b-4b94dce38b4d.png
[04-02-2023 01:31:09] Checking 519357d9-f414-4058-ae44-4c739438c727.png
[04-02-2023 01:31:09] Checking 4d238064-3933-4489-affb-4428a39ecc77.png
[04-02-2023 01:31:09] Checking 4273e1b6-4b0f-4e56-848f-ea5d82859e9a.png
[04-02-2023 01:31:09] Checking 1ff814d5-bcaa-49ab-9058-2dfdc4aa0bbd.png
[04-02-2023 01:31:09] Checking 1247054d-594d-4d64-a0ec-f614bbf13cff.png
[04-02-2023 01:31:09] Checking 0d0c83d3-c55a-44e0-bfe1-fd4d3ea920b1.png
[04-02-2023 01:31:09] Current parent directory: C:/Users/HP/Documents/GameMakerStudio2/GGJ2023/sprites/sprPlantBoom/layers
[04-02-2023 01:31:09] Checking de3a0457-dfba-4994-98ba-d7fec210433f
[04-02-2023 01:31:09] Directory: C:/Users/HP/Documents/GameMakerStudio2/GGJ2023/sprites/sprPlantBoom/layers/de3a0457-dfba-4994-98ba-d7fec210433f
[04-02-2023 01:31:09] Checking ad1047db-76ac-4476-bc86-872fdc4516fa
[04-02-2023 01:31:09] Directory: C:/Users/HP/Documents/GameMakerStudio2/GGJ2023/sprites/sprPlantBoom/layers/ad1047db-76ac-4476-bc86-872fdc4516fa
[04-02-2023 01:31:09] Checking 9a7bf145-d4da-405f-9cc7-cb11f0f084b0
[04-02-2023 01:31:09] Directory: C:/Users/HP/Documents/GameMakerStudio2/GGJ2023/sprites/sprPlantBoom/layers/9a7bf145-d4da-405f-9cc7-cb11f0f084b0
[04-02-2023 01:31:09] Checking 5d3705dd-dd38-4758-ad3b-4b94dce38b4d
[04-02-2023 01:31:09] Directory: C:/Users/HP/Documents/GameMakerStudio2/GGJ2023/sprites/sprPlantBoom/layers/5d3705dd-dd38-4758-ad3b-4b94dce38b4d
[04-02-2023 01:31:09] Checking 519357d9-f414-4058-ae44-4c739438c727
[04-02-2023 01:31:09] Directory: C:/Users/HP/Documents/GameMakerStudio2/GGJ2023/sprites/sprPlantBoom/layers/519357d9-f414-4058-ae44-4c739438c727
[04-02-2023 01:31:09] Checking 4d238064-3933-4489-affb-4428a39ecc77
[04-02-2023 01:31:09] Directory: C:/Users/HP/Documents/GameMakerStudio2/GGJ2023/sprites/sprPlantBoom/layers/4d238064-3933-4489-affb-4428a39ecc77
[04-02-2023 01:31:09] Checking 4273e1b6-4b0f-4e56-848f-ea5d82859e9a
[04-02-2023 01:31:09] Directory: C:/Users/HP/Documents/GameMakerStudio2/GGJ2023/sprites/sprPlantBoom/layers/4273e1b6-4b0f-4e56-848f-ea5d82859e9a
[04-02-2023 01:31:09] Checking 1ff814d5-bcaa-49ab-9058-2dfdc4aa0bbd
[04-02-2023 01:31:09] Directory: C:/Users/HP/Documents/GameMakerStudio2/GGJ2023/sprites/sprPlantBoom/layers/1ff814d5-bcaa-49ab-9058-2dfdc4aa0bbd
[04-02-2023 01:31:09] Checking 1247054d-594d-4d64-a0ec-f614bbf13cff
[04-02-2023 01:31:09] Directory: C:/Users/HP/Documents/GameMakerStudio2/GGJ2023/sprites/sprPlantBoom/layers/1247054d-594d-4d64-a0ec-f614bbf13cff
[04-02-2023 01:31:09] Checking 0d0c83d3-c55a-44e0-bfe1-fd4d3ea920b1
[04-02-2023 01:31:09] Directory: C:/Users/HP/Documents/GameMakerStudio2/GGJ2023/sprites/sprPlantBoom/layers/0d0c83d3-c55a-44e0-bfe1-fd4d3ea920b1
[04-02-2023 01:31:09] Current parent directory: C:/Users/HP/Documents/GameMakerStudio2/GGJ2023/sprites/sprPlantBoom/layers/0d0c83d3-c55a-44e0-bfe1-fd4d3ea920b1
[04-02-2023 01:31:09] Checking 5d393d10-5a8b-41b6-ad82-7af3edccaf53.png
[04-02-2023 01:31:09] Current parent directory: C:/Users/HP/Documents/GameMakerStudio2/GGJ2023/sprites/sprPlantBoom/layers/1247054d-594d-4d64-a0ec-f614bbf13cff
[04-02-2023 01:31:09] Checking 5d393d10-5a8b-41b6-ad82-7af3edccaf53.png
[04-02-2023 01:31:09] Current parent directory: C:/Users/HP/Documents/GameMakerStudio2/GGJ2023/sprites/sprPlantBoom/layers/1ff814d5-bcaa-49ab-9058-2dfdc4aa0bbd
[04-02-2023 01:31:09] Checking 5d393d10-5a8b-41b6-ad82-7af3edccaf53.png
[04-02-2023 01:31:09] Current parent directory: C:/Users/HP/Documents/GameMakerStudio2/GGJ2023/sprites/sprPlantBoom/layers/4273e1b6-4b0f-4e56-848f-ea5d82859e9a
[04-02-2023 01:31:09] Checking 5d393d10-5a8b-41b6-ad82-7af3edccaf53.png
[04-02-2023 01:31:09] Current parent directory: C:/Users/HP/Documents/GameMakerStudio2/GGJ2023/sprites/sprPlantBoom/layers/4d238064-3933-4489-affb-4428a39ecc77
[04-02-2023 01:31:09] Checking 5d393d10-5a8b-41b6-ad82-7af3edccaf53.png
[04-02-2023 01:31:09] Current parent directory: C:/Users/HP/Documents/GameMakerStudio2/GGJ2023/sprites/sprPlantBoom/layers/519357d9-f414-4058-ae44-4c739438c727
[04-02-2023 01:31:09] Checking 5d393d10-5a8b-41b6-ad82-7af3edccaf53.png
[04-02-2023 01:31:09] Current parent directory: C:/Users/HP/Documents/GameMakerStudio2/GGJ2023/sprites/sprPlantBoom/layers/5d3705dd-dd38-4758-ad3b-4b94dce38b4d
[04-02-2023 01:31:09] Checking 5d393d10-5a8b-41b6-ad82-7af3edccaf53.png
[04-02-2023 01:31:09] Current parent directory: C:/Users/HP/Documents/GameMakerStudio2/GGJ2023/sprites/sprPlantBoom/layers/9a7bf145-d4da-405f-9cc7-cb11f0f084b0
[04-02-2023 01:31:09] Checking 5d393d10-5a8b-41b6-ad82-7af3edccaf53.png
[04-02-2023 01:31:09] Current parent directory: C:/Users/HP/Documents/GameMakerStudio2/GGJ2023/sprites/sprPlantBoom/layers/ad1047db-76ac-4476-bc86-872fdc4516fa
[04-02-2023 01:31:09] Checking 5d393d10-5a8b-41b6-ad82-7af3edccaf53.png
[04-02-2023 01:31:09] Current parent directory: C:/Users/HP/Documents/GameMakerStudio2/GGJ2023/sprites/sprPlantBoom/layers/de3a0457-dfba-4994-98ba-d7fec210433f
[04-02-2023 01:31:09] Checking 5d393d10-5a8b-41b6-ad82-7af3edccaf53.png
[04-02-2023 01:31:09] Current parent directory: C:/Users/HP/Documents/GameMakerStudio2/GGJ2023/sprites/sprPlayer
[04-02-2023 01:31:09] Checking sprPlayer.yy
[04-02-2023 01:31:09] Parsing C:/Users/HP/Documents/GameMakerStudio2/GGJ2023/sprites/sprPlayer/sprPlayer.yy
[04-02-2023 01:31:09] Reading C:/Users/HP/Documents/GameMakerStudio2/GGJ2023/sprites/sprPlayer/sprPlayer.yy
[04-02-2023 01:31:09] Par: "folders/Sprites" at dir: "C:/Users/HP/Documents/GameMakerStudio2/GGJ2023/sprites/sprPlayer/sprPlayer.yy"
[04-02-2023 01:31:09] Found Sprite: sprPlayer
[04-02-2023 01:31:09] Checking layers
[04-02-2023 01:31:09] Directory: C:/Users/HP/Documents/GameMakerStudio2/GGJ2023/sprites/sprPlayer/layers
[04-02-2023 01:31:09] Checking 750277f7-ada1-433c-a9d7-e5efa2cfd57c.png
[04-02-2023 01:31:09] Current parent directory: C:/Users/HP/Documents/GameMakerStudio2/GGJ2023/sprites/sprPlayer/layers
[04-02-2023 01:31:09] Checking 750277f7-ada1-433c-a9d7-e5efa2cfd57c
[04-02-2023 01:31:09] Directory: C:/Users/HP/Documents/GameMakerStudio2/GGJ2023/sprites/sprPlayer/layers/750277f7-ada1-433c-a9d7-e5efa2cfd57c
[04-02-2023 01:31:09] Current parent directory: C:/Users/HP/Documents/GameMakerStudio2/GGJ2023/sprites/sprPlayer/layers/750277f7-ada1-433c-a9d7-e5efa2cfd57c
[04-02-2023 01:31:09] Checking 84cf3ad4-1f63-47eb-badf-e702fe3f1c02.png
[04-02-2023 01:31:09] Current parent directory: C:/Users/HP/Documents/GameMakerStudio2/GGJ2023/sprites/sprPlayerCollision
[04-02-2023 01:31:09] Checking sprPlayerCollision.yy
[04-02-2023 01:31:09] Parsing C:/Users/HP/Documents/GameMakerStudio2/GGJ2023/sprites/sprPlayerCollision/sprPlayerCollision.yy
[04-02-2023 01:31:09] Reading C:/Users/HP/Documents/GameMakerStudio2/GGJ2023/sprites/sprPlayerCollision/sprPlayerCollision.yy
[04-02-2023 01:31:09] Par: "folders/Sprites" at dir: "C:/Users/HP/Documents/GameMakerStudio2/GGJ2023/sprites/sprPlayerCollision/sprPlayerCollision.yy"
[04-02-2023 01:31:09] Found Sprite: sprPlayerCollision
[04-02-2023 01:31:09] Checking layers
[04-02-2023 01:31:09] Directory: C:/Users/HP/Documents/GameMakerStudio2/GGJ2023/sprites/sprPlayerCollision/layers
[04-02-2023 01:31:09] Checking ba85cdfd-61f2-48b3-ab83-b87b24fea1f1.png
[04-02-2023 01:31:09] Current parent directory: C:/Users/HP/Documents/GameMakerStudio2/GGJ2023/sprites/sprPlayerCollision/layers
[04-02-2023 01:31:09] Checking ba85cdfd-61f2-48b3-ab83-b87b24fea1f1
[04-02-2023 01:31:09] Directory: C:/Users/HP/Documents/GameMakerStudio2/GGJ2023/sprites/sprPlayerCollision/layers/ba85cdfd-61f2-48b3-ab83-b87b24fea1f1
[04-02-2023 01:31:09] Current parent directory: C:/Users/HP/Documents/GameMakerStudio2/GGJ2023/sprites/sprPlayerCollision/layers/ba85cdfd-61f2-48b3-ab83-b87b24fea1f1
[04-02-2023 01:31:09] Checking 7d1e6ae5-334a-4feb-b1b9-32ec68a88d26.png
[04-02-2023 01:31:09] Current parent directory: C:/Users/HP/Documents/GameMakerStudio2/GGJ2023/sprites/sprSolid
[04-02-2023 01:31:09] Checking sprSolid.yy
[04-02-2023 01:31:09] Parsing C:/Users/HP/Documents/GameMakerStudio2/GGJ2023/sprites/sprSolid/sprSolid.yy
[04-02-2023 01:31:09] Reading C:/Users/HP/Documents/GameMakerStudio2/GGJ2023/sprites/sprSolid/sprSolid.yy
[04-02-2023 01:31:09] Par: "folders/Sprites" at dir: "C:/Users/HP/Documents/GameMakerStudio2/GGJ2023/sprites/sprSolid/sprSolid.yy"
[04-02-2023 01:31:09] Found Sprite: sprSolid
[04-02-2023 01:31:09] Checking layers
[04-02-2023 01:31:09] Directory: C:/Users/HP/Documents/GameMakerStudio2/GGJ2023/sprites/sprSolid/layers
[04-02-2023 01:31:09] Checking 378b6d01-9de3-4129-bfc9-d8105eaf1f51.png
[04-02-2023 01:31:09] Current parent directory: C:/Users/HP/Documents/GameMakerStudio2/GGJ2023/sprites/sprSolid/layers
[04-02-2023 01:31:09] Checking 378b6d01-9de3-4129-bfc9-d8105eaf1f51
[04-02-2023 01:31:09] Directory: C:/Users/HP/Documents/GameMakerStudio2/GGJ2023/sprites/sprSolid/layers/378b6d01-9de3-4129-bfc9-d8105eaf1f51
[04-02-2023 01:31:09] Current parent directory: C:/Users/HP/Documents/GameMakerStudio2/GGJ2023/sprites/sprSolid/layers/378b6d01-9de3-4129-bfc9-d8105eaf1f51
[04-02-2023 01:31:09] Checking 92c6ebee-6c2f-4b67-961a-83f76d198b3a.png
[04-02-2023 01:31:09] Current parent directory: C:/Users/HP/Documents/GameMakerStudio2/GGJ2023/tilesets
[04-02-2023 01:31:09] Current parent directory: C:/Users/HP/Documents/GameMakerStudio2/GGJ2023/timelines
[04-02-2023 01:31:09] Moving files to trash...
[04-02-2023 01:31:09] Files yeeted successfully!
[04-02-2023 01:31:09] Generating YYP...
[04-02-2023 01:31:09] GGJ2023.yyp created successfully!
